# JRE version: Java(TM) SE Runtime Environment (8.0_181-b13) (build 1.8.0_181-b13)
# Java VM: Java HotSpot(TM) 64-Bit Server VM (25.181-b13 mixed mode linux-amd64 compressed oops)
Heap:
 PSYoungGen      total 233472K, used 0K [0x00000000eab00000, 0x0000000100000000, 0x0000000100000000)
  eden space 164864K, 0% used [0x00000000eab00000,0x00000000eab00000,0x00000000f4c00000)
  from space 68608K, 0% used [0x00000000fbd00000,0x00000000fbd00000,0x0000000100000000)
  to   space 92160K, 0% used [0x00000000f4c00000,0x00000000f4c00000,0x00000000fa600000)
 ParOldGen       total 435712K, used 97968K [0x00000000c0000000, 0x00000000da980000, 0x00000000eab00000)
  object space 435712K, 22% used [0x00000000c0000000,0x00000000c5fac140,0x00000000da980000)
 Metaspace       used 88973K, capacity 89648K, committed 89816K, reserved 1122304K
  class space    used 16780K, capacity 17027K, committed 17112K, reserved 1048576K
GC Heap History (10 events):
Event: 7.957 GC heap after
Heap after GC invocations=12 (full 4):
 PSYoungGen      total 280576K, used 33658K [0x00000000eab00000, 0x00000000ff600000, 0x0000000100000000)
  eden space 236544K, 0% used [0x00000000eab00000,0x00000000eab00000,0x00000000f9200000)
  from space 44032K, 76% used [0x00000000fbf00000,0x00000000fdfde810,0x00000000fea00000)
  to   space 46080K, 0% used [0x00000000f9200000,0x00000000f9200000,0x00000000fbf00000)
 ParOldGen       total 435712K, used 11325K [0x00000000c0000000, 0x00000000da980000, 0x00000000eab00000)
  object space 435712K, 2% used [0x00000000c0000000,0x00000000c0b0f5d8,0x00000000da980000)
 Metaspace       used 59724K, capacity 60266K, committed 60544K, reserved 1097728K
  class space    used 11889K, capacity 12107K, committed 12160K, reserved 1048576K
}
Event: 9.452 GC heap before
{Heap before GC invocations=13 (full 4):
 PSYoungGen      total 280576K, used 270202K [0x00000000eab00000, 0x00000000ff600000, 0x0000000100000000)
  eden space 236544K, 100% used [0x00000000eab00000,0x00000000f9200000,0x00000000f9200000)
  from space 44032K, 76% used [0x00000000fbf00000,0x00000000fdfde810,0x00000000fea00000)
  to   space 46080K, 0% used [0x00000000f9200000,0x00000000f9200000,0x00000000fbf00000)
 ParOldGen       total 435712K, used 11325K [0x00000000c0000000, 0x00000000da980000, 0x00000000eab00000)
  object space 435712K, 2% used [0x00000000c0000000,0x00000000c0b0f5d8,0x00000000da980000)
 Metaspace       used 68724K, capacity 69458K, committed 69760K, reserved 1105920K
  class space    used 13368K, capacity 13611K, committed 13696K, reserved 1048576K
Event: 9.480 GC heap after
Heap after GC invocations=13 (full 4):
 PSYoungGen      total 282624K, used 46064K [0x00000000eab00000, 0x0000000100000000, 0x0000000100000000)
  eden space 236544K, 0% used [0x00000000eab00000,0x00000000eab00000,0x00000000f9200000)
  from space 46080K, 99% used [0x00000000f9200000,0x00000000fbefc090,0x00000000fbf00000)
  to   space 55296K, 0% used [0x00000000fca00000,0x00000000fca00000,0x0000000100000000)
 ParOldGen       total 435712K, used 18409K [0x00000000c0000000, 0x00000000da980000, 0x00000000eab00000)
  object space 435712K, 4% used [0x00000000c0000000,0x00000000c11fa778,0x00000000da980000)
 Metaspace       used 68724K, capacity 69458K, committed 69760K, reserved 1105920K
  class space    used 13368K, capacity 13611K, committed 13696K, reserved 1048576K
}
Event: 35.888 GC heap before
{Heap before GC invocations=14 (full 4):
 PSYoungGen      total 282624K, used 282608K [0x00000000eab00000, 0x0000000100000000, 0x0000000100000000)
  eden space 236544K, 100% used [0x00000000eab00000,0x00000000f9200000,0x00000000f9200000)
  from space 46080K, 99% used [0x00000000f9200000,0x00000000fbefc090,0x00000000fbf00000)
  to   space 55296K, 0% used [0x00000000fca00000,0x00000000fca00000,0x0000000100000000)
 ParOldGen       total 435712K, used 18409K [0x00000000c0000000, 0x00000000da980000, 0x00000000eab00000)
  object space 435712K, 4% used [0x00000000c0000000,0x00000000c11fa778,0x00000000da980000)
 Metaspace       used 83555K, capacity 84180K, committed 84352K, reserved 1118208K
  class space    used 15710K, capacity 15916K, committed 16000K, reserved 1048576K
Event: 35.918 GC heap after
Heap after GC invocations=14 (full 4):
 PSYoungGen      total 267264K, used 55264K [0x00000000eab00000, 0x0000000100000000, 0x0000000100000000)
  eden space 211968K, 0% used [0x00000000eab00000,0x00000000eab00000,0x00000000f7a00000)
  from space 55296K, 99% used [0x00000000fca00000,0x00000000ffff8250,0x0000000100000000)
  to   space 68608K, 0% used [0x00000000f7a00000,0x00000000f7a00000,0x00000000fbd00000)
 ParOldGen       total 435712K, used 33682K [0x00000000c0000000, 0x00000000da980000, 0x00000000eab00000)
  object space 435712K, 7% used [0x00000000c0000000,0x00000000c20e49d8,0x00000000da980000)
 Metaspace       used 83555K, capacity 84180K, committed 84352K, reserved 1118208K
  class space    used 15710K, capacity 15916K, committed 16000K, reserved 1048576K
}
Event: 36.949 GC heap before
{Heap before GC invocations=15 (full 4):
 PSYoungGen      total 267264K, used 267232K [0x00000000eab00000, 0x0000000100000000, 0x0000000100000000)
  eden space 211968K, 100% used [0x00000000eab00000,0x00000000f7a00000,0x00000000f7a00000)
  from space 55296K, 99% used [0x00000000fca00000,0x00000000ffff8250,0x0000000100000000)
  to   space 68608K, 0% used [0x00000000f7a00000,0x00000000f7a00000,0x00000000fbd00000)
 ParOldGen       total 435712K, used 33682K [0x00000000c0000000, 0x00000000da980000, 0x00000000eab00000)
  object space 435712K, 7% used [0x00000000c0000000,0x00000000c20e49d8,0x00000000da980000)
 Metaspace       used 83852K, capacity 84498K, committed 84608K, reserved 1118208K
  class space    used 15740K, capacity 15953K, committed 16000K, reserved 1048576K
Event: 36.995 GC heap after
Heap after GC invocations=15 (full 4):
 PSYoungGen      total 280576K, used 68580K [0x00000000eab00000, 0x0000000100000000, 0x0000000100000000)
  eden space 211968K, 0% used [0x00000000eab00000,0x00000000eab00000,0x00000000f7a00000)
  from space 68608K, 99% used [0x00000000f7a00000,0x00000000fbcf9250,0x00000000fbd00000)
  to   space 68608K, 0% used [0x00000000fbd00000,0x00000000fbd00000,0x0000000100000000)
 ParOldGen       total 435712K, used 42445K [0x00000000c0000000, 0x00000000da980000, 0x00000000eab00000)
  object space 435712K, 9% used [0x00000000c0000000,0x00000000c29737b8,0x00000000da980000)
 Metaspace       used 83852K, capacity 84498K, committed 84608K, reserved 1118208K
  class space    used 15740K, capacity 15953K, committed 16000K, reserved 1048576K
}
Event: 37.508 GC heap before
{Heap before GC invocations=16 (full 4):
 PSYoungGen      total 280576K, used 124387K [0x00000000eab00000, 0x0000000100000000, 0x0000000100000000)
  eden space 211968K, 26% used [0x00000000eab00000,0x00000000ee17fcb8,0x00000000f7a00000)
  from space 68608K, 99% used [0x00000000f7a00000,0x00000000fbcf9250,0x00000000fbd00000)
  to   space 68608K, 0% used [0x00000000fbd00000,0x00000000fbd00000,0x0000000100000000)
 ParOldGen       total 435712K, used 42445K [0x00000000c0000000, 0x00000000da980000, 0x00000000eab00000)
  object space 435712K, 9% used [0x00000000c0000000,0x00000000c29737b8,0x00000000da980000)
 Metaspace       used 89011K, capacity 89726K, committed 89816K, reserved 1122304K
  class space    used 16789K, capacity 17053K, committed 17112K, reserved 1048576K
Event: 37.559 GC heap after
Heap after GC invocations=16 (full 4):
 PSYoungGen      total 233472K, used 68599K [0x00000000eab00000, 0x0000000100000000, 0x0000000100000000)
  eden space 164864K, 0% used [0x00000000eab00000,0x00000000eab00000,0x00000000f4c00000)
  from space 68608K, 99% used [0x00000000fbd00000,0x00000000ffffded8,0x0000000100000000)
  to   space 92160K, 0% used [0x00000000f4c00000,0x00000000f4c00000,0x00000000fa600000)
 ParOldGen       total 435712K, used 51229K [0x00000000c0000000, 0x00000000da980000, 0x00000000eab00000)
  object space 435712K, 11% used [0x00000000c0000000,0x00000000c3207638,0x00000000da980000)
 Metaspace       used 89011K, capacity 89726K, committed 89816K, reserved 1122304K
  class space    used 16789K, capacity 17053K, committed 17112K, reserved 1048576K
}
Event: 37.559 GC heap before
{Heap before GC invocations=17 (full 5):
 PSYoungGen      total 233472K, used 68599K [0x00000000eab00000, 0x0000000100000000, 0x0000000100000000)
  eden space 164864K, 0% used [0x00000000eab00000,0x00000000eab00000,0x00000000f4c00000)
  from space 68608K, 99% used [0x00000000fbd00000,0x00000000ffffded8,0x0000000100000000)
  to   space 92160K, 0% used [0x00000000f4c00000,0x00000000f4c00000,0x00000000fa600000)
 ParOldGen       total 435712K, used 51229K [0x00000000c0000000, 0x00000000da980000, 0x00000000eab00000)
  object space 435712K, 11% used [0x00000000c0000000,0x00000000c3207638,0x00000000da980000)
 Metaspace       used 89011K, capacity 89726K, committed 89816K, reserved 1122304K
  class space    used 16789K, capacity 17053K, committed 17112K, reserved 1048576K

